<?xml version="1.0" encoding="UTF-8"?><testsuite errors="1" failures="0" name="Validate the download to the database of Market orders" skipped="0" tests="1" time="55.95" timestamp="2019-10-10 01:38:48"><testcase name="Validate the download of differents order types with different means of payment and discounts modality DP"><error message="Timed out after 10 seconds. Element not found&#10;For documentation on this error, please visit: https://www.seleniumhq.org/exceptions/no_such_element.html&#10;Build info: version: '3.141.59', revision: 'e82be7d358', time: '2018-11-14T08:17:03'&#10;System info: host: 'SQA-1943', ip: '192.168.56.1', os.name: 'Windows 10', os.arch: 'amd64', os.version: '10.0', java.version: '1.8.0_211'&#10;Driver info: driver.version: unknown&#10;For documentation on this error, please visit: https://www.seleniumhq.org/exceptions/no_such_element.html&#10;Build info: version: '3.141.59', revision: 'e82be7d358', time: '2018-11-14T08:17:03'&#10;System info: host: 'SQA-1943', ip: '192.168.56.1', os.name: 'Windows 10', os.arch: 'amd64', os.version: '10.0', java.version: '1.8.0_211'&#10;Driver info: driver.version: unknown" type="org.openqa.selenium.NoSuchElementException">Timed out after 10 seconds. Element not found
For documentation on this error, please visit: https://www.seleniumhq.org/exceptions/no_such_element.html
Build info: version: '3.141.59', revision: 'e82be7d358', time: '2018-11-14T08:17:03'
System info: host: 'SQA-1943', ip: '192.168.56.1', os.name: 'Windows 10', os.arch: 'amd64', os.version: '10.0', java.version: '1.8.0_211'
Driver info: driver.version: unknown
For documentation on this error, please visit: https://www.seleniumhq.org/exceptions/no_such_element.html
Build info: version: '3.141.59', revision: 'e82be7d358', time: '2018-11-14T08:17:03'
System info: host: 'SQA-1943', ip: '192.168.56.1', os.name: 'Windows 10', os.arch: 'amd64', os.version: '10.0', java.version: '1.8.0_211'
Driver info: driver.version: unknown</error><system-err>Timed out after 10 seconds. Element not found
For documentation on this error, please visit: https://www.seleniumhq.org/exceptions/no_such_element.html
Build info: version: '3.141.59', revision: 'e82be7d358', time: '2018-11-14T08:17:03'
System info: host: 'SQA-1943', ip: '192.168.56.1', os.name: 'Windows 10', os.arch: 'amd64', os.version: '10.0', java.version: '1.8.0_211'
Driver info: driver.version: unknown
For documentation on this error, please visit: https://www.seleniumhq.org/exceptions/no_such_element.html
Build info: version: '3.141.59', revision: 'e82be7d358', time: '2018-11-14T08:17:03'
System info: host: 'SQA-1943', ip: '192.168.56.1', os.name: 'Windows 10', os.arch: 'amd64', os.version: '10.0', java.version: '1.8.0_211'
Driver info: driver.version: unknown&#13;
picking.web.steps.PickingWebSteps.goToPickingState(PickingWebSteps.java:43)&#13;
picking.web.definitions.PickingWebDefinition.validate_the_complete_flow_from_the_picking_web_dispatch_window_of_the_buy_and_collect_market_order(PickingWebDefinition.java:28)&#13;
✽.Validate the complete flow from the Picking web dispatch window of the buy and collect market order 948683429647(src/test/resources/picking/web/features/PickingWebBack.feature:24)&#13;
</system-err></testcase></testsuite>