<?xml version="1.0" encoding="UTF-8"?><testsuite errors="1" failures="0" name="Validate the download to the database of Market orders" skipped="0" tests="1" time="47.87" timestamp="2019-10-10 05:00:20"><testcase name="Validate the download of differents order types with different means of payment and discounts modality DP"><error message="element click intercepted: Element &lt;button type=&quot;button&quot; class=&quot;btn btn-default&quot; ng-click=&quot;cancel()&quot;&gt;...&lt;/button&gt; is not clickable at point (842, 226). Other element would receive the click: &lt;div class=&quot;modalAjax&quot; style=&quot;&quot;&gt;&lt;/div&gt;&#10;  (Session info: chrome=77.0.3865.90)&#10;Build info: version: '3.141.59', revision: 'e82be7d358', time: '2018-11-14T08:17:03'&#10;System info: host: 'SQA-1943', ip: '192.168.56.1', os.name: 'Windows 10', os.arch: 'amd64', os.version: '10.0', java.version: '1.8.0_211'&#10;Driver info: org.openqa.selenium.chrome.ChromeDriver&#10;Capabilities {acceptInsecureCerts: false, browserName: chrome, browserVersion: 77.0.3865.90, chrome: {chromedriverVersion: 77.0.3865.10 (bc3579f611bbc..., userDataDir: C:\Users\ADMINI~1\AppData\L...}, goog:chromeOptions: {debuggerAddress: localhost:63414}, javascriptEnabled: true, networkConnectionEnabled: false, pageLoadStrategy: normal, platform: XP, platformName: XP, proxy: Proxy(), setWindowRect: true, strictFileInteractability: false, timeouts: {implicit: 0, pageLoad: 300000, script: 30000}, unhandledPromptBehavior: dismiss and notify}&#10;Session ID: d6c10d6e275e8f22a2152b31fe88777d&#10;Build info: version: '3.141.59', revision: 'e82be7d358', time: '2018-11-14T08:17:03'&#10;System info: host: 'SQA-1943', ip: '192.168.56.1', os.name: 'Windows 10', os.arch: 'amd64', os.version: '10.0', java.version: '1.8.0_211'&#10;Driver info: driver.version: unknown" type="org.openqa.selenium.ElementClickInterceptedException">element click intercepted: Element &lt;button type="button" class="btn btn-default" ng-click="cancel()"&gt;...&lt;/button&gt; is not clickable at point (842, 226). Other element would receive the click: &lt;div class="modalAjax" style=""&gt;&lt;/div&gt;
  (Session info: chrome=77.0.3865.90)
Build info: version: '3.141.59', revision: 'e82be7d358', time: '2018-11-14T08:17:03'
System info: host: 'SQA-1943', ip: '192.168.56.1', os.name: 'Windows 10', os.arch: 'amd64', os.version: '10.0', java.version: '1.8.0_211'
Driver info: org.openqa.selenium.chrome.ChromeDriver
Capabilities {acceptInsecureCerts: false, browserName: chrome, browserVersion: 77.0.3865.90, chrome: {chromedriverVersion: 77.0.3865.10 (bc3579f611bbc..., userDataDir: C:\Users\ADMINI~1\AppData\L...}, goog:chromeOptions: {debuggerAddress: localhost:63414}, javascriptEnabled: true, networkConnectionEnabled: false, pageLoadStrategy: normal, platform: XP, platformName: XP, proxy: Proxy(), setWindowRect: true, strictFileInteractability: false, timeouts: {implicit: 0, pageLoad: 300000, script: 30000}, unhandledPromptBehavior: dismiss and notify}
Session ID: d6c10d6e275e8f22a2152b31fe88777d
Build info: version: '3.141.59', revision: 'e82be7d358', time: '2018-11-14T08:17:03'
System info: host: 'SQA-1943', ip: '192.168.56.1', os.name: 'Windows 10', os.arch: 'amd64', os.version: '10.0', java.version: '1.8.0_211'
Driver info: driver.version: unknown</error><system-err>element click intercepted: Element &lt;button type="button" class="btn btn-default" ng-click="cancel()"&gt;...&lt;/button&gt; is not clickable at point (842, 226). Other element would receive the click: &lt;div class="modalAjax" style=""&gt;&lt;/div&gt;
  (Session info: chrome=77.0.3865.90)
Build info: version: '3.141.59', revision: 'e82be7d358', time: '2018-11-14T08:17:03'
System info: host: 'SQA-1943', ip: '192.168.56.1', os.name: 'Windows 10', os.arch: 'amd64', os.version: '10.0', java.version: '1.8.0_211'
Driver info: org.openqa.selenium.chrome.ChromeDriver
Capabilities {acceptInsecureCerts: false, browserName: chrome, browserVersion: 77.0.3865.90, chrome: {chromedriverVersion: 77.0.3865.10 (bc3579f611bbc..., userDataDir: C:\Users\ADMINI~1\AppData\L...}, goog:chromeOptions: {debuggerAddress: localhost:63414}, javascriptEnabled: true, networkConnectionEnabled: false, pageLoadStrategy: normal, platform: XP, platformName: XP, proxy: Proxy(), setWindowRect: true, strictFileInteractability: false, timeouts: {implicit: 0, pageLoad: 300000, script: 30000}, unhandledPromptBehavior: dismiss and notify}
Session ID: d6c10d6e275e8f22a2152b31fe88777d
Build info: version: '3.141.59', revision: 'e82be7d358', time: '2018-11-14T08:17:03'
System info: host: 'SQA-1943', ip: '192.168.56.1', os.name: 'Windows 10', os.arch: 'amd64', os.version: '10.0', java.version: '1.8.0_211'
Driver info: driver.version: unknown&#13;
picking.web.steps.PickingWebSteps.goToPickingState(PickingWebSteps.java:63)&#13;
picking.web.definitions.PickingWebDefinition.validate_the_complete_flow_from_the_picking_web_dispatch_window_of_the_buy_and_collect_market_order(PickingWebDefinition.java:28)&#13;
✽.Validate the complete flow from the Picking web dispatch window of the buy and collect market order 948683429647(src/test/resources/picking/web/features/PickingWebBack.feature:48)&#13;
</system-err></testcase></testsuite>